2015-05-17 5:00:20 - PHP Notice:  Undefined index: status in /var/www/html/admin/view/template/module/productaffilate.tpl on line 44
2015-05-17 5:00:20 - PHP Notice:  Undefined index: switch_order in /var/www/html/admin/view/template/module/productaffilate.tpl on line 58
2015-05-17 5:00:20 - PHP Notice:  Undefined index: switch_cheap_shopbutton in /var/www/html/admin/view/template/module/productaffilate.tpl on line 72
2015-05-17 5:00:20 - PHP Notice:  Undefined index: switch_price_category in /var/www/html/admin/view/template/module/productaffilate.tpl on line 86
2015-05-17 5:00:20 - PHP Notice:  Undefined index: switch_price_module in /var/www/html/admin/view/template/module/productaffilate.tpl on line 100
2015-05-17 5:00:20 - PHP Notice:  Undefined index: switch_price_product in /var/www/html/admin/view/template/module/productaffilate.tpl on line 114
2015-05-17 5:00:20 - PHP Notice:  Undefined index: switch_cheap_price in /var/www/html/admin/view/template/module/productaffilate.tpl on line 128
2015-05-17 5:00:20 - PHP Notice:  Undefined index: affilate_font_default in /var/www/html/admin/view/template/module/productaffilate.tpl on line 158
2015-05-17 5:00:20 - PHP Notice:  Undefined index: affilate_font_default in /var/www/html/admin/view/template/module/productaffilate.tpl on line 163
2015-05-17 5:00:20 - PHP Notice:  Undefined index: affilate_font_default in /var/www/html/admin/view/template/module/productaffilate.tpl on line 169
2015-05-17 5:00:20 - PHP Notice:  Undefined index: affilate_font_default in /var/www/html/admin/view/template/module/productaffilate.tpl on line 174
2015-05-17 5:00:20 - PHP Notice:  Undefined index: affilate_font_default in /var/www/html/admin/view/template/module/productaffilate.tpl on line 179
2015-05-17 5:00:20 - PHP Notice:  Undefined index: affilate_font_default in /var/www/html/admin/view/template/module/productaffilate.tpl on line 184
2015-05-17 5:00:20 - PHP Notice:  Undefined index: affilate_font_default in /var/www/html/admin/view/template/module/productaffilate.tpl on line 189
2015-05-17 5:00:20 - PHP Notice:  Undefined index: affilate_font_default in /var/www/html/admin/view/template/module/productaffilate.tpl on line 194
2015-05-17 5:00:20 - PHP Notice:  Undefined index: affilate_font_default in /var/www/html/admin/view/template/module/productaffilate.tpl on line 199
2015-05-17 5:00:20 - PHP Notice:  Undefined index: affilate_font_default in /var/www/html/admin/view/template/module/productaffilate.tpl on line 204
2015-05-17 5:00:20 - PHP Notice:  Undefined index: affilate_font_default in /var/www/html/admin/view/template/module/productaffilate.tpl on line 209
2015-05-17 5:00:20 - PHP Notice:  Undefined index: affilate_font_default in /var/www/html/admin/view/template/module/productaffilate.tpl on line 214
2015-05-17 5:00:20 - PHP Notice:  Undefined index: affilate_font_default in /var/www/html/admin/view/template/module/productaffilate.tpl on line 219
2015-05-17 5:00:20 - PHP Notice:  Undefined index: affilate_font_default in /var/www/html/admin/view/template/module/productaffilate.tpl on line 224
2015-05-17 5:00:20 - PHP Notice:  Undefined index: affilate_enable_fonts in /var/www/html/admin/view/template/module/productaffilate.tpl on line 236
2015-05-17 5:00:20 - PHP Notice:  Undefined index: affilate_enable_fonts in /var/www/html/admin/view/template/module/productaffilate.tpl on line 241
